This is pdfTeX, Version 3.14159265-2.6-1.40.20 (TeX Live 2019/Debian) (preloaded format=pdflatex 2020.8.30)  7 SEP 2020 09:54
entering extended mode
 restricted \write18 enabled.
 %&-line parsing enabled.
**./images.tex
(./images.tex
LaTeX2e <2020-02-02> patch level 2
L3 programming layer <2020-02-14>
(/usr/share/texlive/texmf-dist/tex/latex/base/article.cls
Document Class: article 2019/12/20 v1.4l Standard LaTeX document class
(/usr/share/texlive/texmf-dist/tex/latex/base/size10.clo
File: size10.clo 2019/12/20 v1.4l Standard LaTeX file (size option)
)
\c@part=\count167
\c@section=\count168
\c@subsection=\count169
\c@subsubsection=\count170
\c@paragraph=\count171
\c@subparagraph=\count172
\c@figure=\count173
\c@table=\count174
\abovecaptionskip=\skip47
\belowcaptionskip=\skip48
\bibindent=\dimen134
) (/usr/share/texlive/texmf-dist/tex/latex/base/ifthen.sty
Package: ifthen 2014/09/29 v1.1c Standard LaTeX ifthen package (DPC)
) (/usr/share/texlive/texmf-dist/tex/latex/base/inputenc.sty
Package: inputenc 2018/08/11 v1.3c Input encoding file
\inpenc@prehook=\toks14
\inpenc@posthook=\toks15
) (/usr/share/texlive/texmf-dist/tex/latex/hyperref/hyperref.sty
Package: hyperref 2020/01/14 v7.00d Hypertext links for LaTeX
(/usr/share/texlive/texmf-dist/tex/generic/ltxcmds/ltxcmds.sty
Package: ltxcmds 2019/12/15 v1.24 LaTeX kernel commands for general use (HO)
) (/usr/share/texlive/texmf-dist/tex/generic/iftex/iftex.sty
Package: iftex 2019/11/07 v1.0c TeX engine tests
) (/usr/share/texlive/texmf-dist/tex/latex/pdftexcmds/pdftexcmds.sty
Package: pdftexcmds 2019/11/24 v0.31 Utility functions of pdfTeX for LuaTeX (HO
)
(/usr/share/texlive/texmf-dist/tex/generic/infwarerr/infwarerr.sty
Package: infwarerr 2019/12/03 v1.5 Providing info/warning/error messages (HO)
)
Package pdftexcmds Info: \pdf@primitive is available.
Package pdftexcmds Info: \pdf@ifprimitive is available.
Package pdftexcmds Info: \pdfdraftmode found.
) (/usr/share/texlive/texmf-dist/tex/latex/graphics/keyval.sty
Package: keyval 2014/10/28 v1.15 key=value parser (DPC)
\KV@toks@=\toks16
) (/usr/share/texlive/texmf-dist/tex/generic/kvsetkeys/kvsetkeys.sty
Package: kvsetkeys 2019/12/15 v1.18 Key value parser (HO)
) (/usr/share/texlive/texmf-dist/tex/generic/kvdefinekeys/kvdefinekeys.sty
Package: kvdefinekeys 2019-12-19 v1.6 Define keys (HO)
) (/usr/share/texlive/texmf-dist/tex/generic/pdfescape/pdfescape.sty
Package: pdfescape 2019/12/09 v1.15 Implements pdfTeX's escape features (HO)
) (/usr/share/texlive/texmf-dist/tex/latex/hycolor/hycolor.sty
Package: hycolor 2020-01-27 v1.10 Color options for hyperref/bookmark (HO)
) (/usr/share/texlive/texmf-dist/tex/latex/letltxmacro/letltxmacro.sty
Package: letltxmacro 2019/12/03 v1.6 Let assignment for LaTeX macros (HO)
) (/usr/share/texlive/texmf-dist/tex/latex/auxhook/auxhook.sty
Package: auxhook 2019-12-17 v1.6 Hooks for auxiliary files (HO)
) (/usr/share/texlive/texmf-dist/tex/latex/kvoptions/kvoptions.sty
Package: kvoptions 2019/11/29 v3.13 Key value format for package options (HO)
)
\@linkdim=\dimen135
\Hy@linkcounter=\count175
\Hy@pagecounter=\count176
(/usr/share/texlive/texmf-dist/tex/latex/hyperref/pd1enc.def
File: pd1enc.def 2020/01/14 v7.00d Hyperref: PDFDocEncoding definition (HO)
Now handling font encoding PD1 ...
... no UTF-8 mapping file for font encoding PD1
) (/usr/share/texlive/texmf-dist/tex/generic/intcalc/intcalc.sty
Package: intcalc 2019/12/15 v1.3 Expandable calculations with integers (HO)
) (/usr/share/texlive/texmf-dist/tex/generic/etexcmds/etexcmds.sty
Package: etexcmds 2019/12/15 v1.7 Avoid name clashes with e-TeX commands (HO)
)
\Hy@SavedSpaceFactor=\count177
\pdfmajorversion=\count178
Package hyperref Info: Hyper figures OFF on input line 4547.
Package hyperref Info: Link nesting OFF on input line 4552.
Package hyperref Info: Hyper index ON on input line 4555.
Package hyperref Info: Plain pages OFF on input line 4562.
Package hyperref Info: Backreferencing OFF on input line 4567.
Package hyperref Info: Implicit mode ON; LaTeX internals redefined.
Package hyperref Info: Bookmarks ON on input line 4800.
\c@Hy@tempcnt=\count179
(/usr/share/texlive/texmf-dist/tex/latex/url/url.sty
\Urlmuskip=\muskip16
Package: url 2013/09/16  ver 3.4  Verb mode for urls, etc.
)
LaTeX Info: Redefining \url on input line 5159.
\XeTeXLinkMargin=\dimen136
(/usr/share/texlive/texmf-dist/tex/generic/bitset/bitset.sty
Package: bitset 2019/12/09 v1.3 Handle bit-vector datatype (HO)
(/usr/share/texlive/texmf-dist/tex/generic/bigintcalc/bigintcalc.sty
Package: bigintcalc 2019/12/15 v1.5 Expandable calculations on big integers (HO
)
))
\Fld@menulength=\count180
\Field@Width=\dimen137
\Fld@charsize=\dimen138
Package hyperref Info: Hyper figures OFF on input line 6430.
Package hyperref Info: Link nesting OFF on input line 6435.
Package hyperref Info: Hyper index ON on input line 6438.
Package hyperref Info: backreferencing OFF on input line 6445.
Package hyperref Info: Link coloring OFF on input line 6450.
Package hyperref Info: Link coloring with OCG OFF on input line 6455.
Package hyperref Info: PDF/A mode OFF on input line 6460.
LaTeX Info: Redefining \ref on input line 6500.
LaTeX Info: Redefining \pageref on input line 6504.
(/usr/share/texlive/texmf-dist/tex/generic/atbegshi/atbegshi.sty
Package: atbegshi 2019/12/05 v1.19 At begin shipout hook (HO)
)
\Hy@abspage=\count181
\c@Item=\count182
\c@Hfootnote=\count183
)
Package hyperref Info: Driver (autodetected): hpdftex.
(/usr/share/texlive/texmf-dist/tex/latex/hyperref/hpdftex.def
File: hpdftex.def 2020/01/14 v7.00d Hyperref driver for pdfTeX
(/usr/share/texlive/texmf-dist/tex/latex/atveryend/atveryend.sty
Package: atveryend 2019-12-11 v1.11 Hooks at the very end of document (HO)
Package atveryend Info: \enddocument detected (standard20110627).
)
\Fld@listcount=\count184
\c@bookmark@seq@number=\count185
(/usr/share/texlive/texmf-dist/tex/latex/rerunfilecheck/rerunfilecheck.sty
Package: rerunfilecheck 2019/12/05 v1.9 Rerun checks for auxiliary files (HO)
(/usr/share/texlive/texmf-dist/tex/generic/uniquecounter/uniquecounter.sty
Package: uniquecounter 2019/12/15 v1.4 Provide unlimited unique counter (HO)
)
Package uniquecounter Info: New unique counter `rerunfilecheck' on input line 2
86.
)
\Hy@SectionHShift=\skip49
) (/usr/share/texlive/texmf-dist/tex/latex/amsmath/amsmath.sty
Package: amsmath 2020/01/20 v2.17e AMS math features
\@mathmargin=\skip50
For additional information on amsmath, use the `?' option.
(/usr/share/texlive/texmf-dist/tex/latex/amsmath/amstext.sty
Package: amstext 2000/06/29 v2.01 AMS text
(/usr/share/texlive/texmf-dist/tex/latex/amsmath/amsgen.sty
File: amsgen.sty 1999/11/30 v2.0 generic functions
\@emptytoks=\toks17
\ex@=\dimen139
)) (/usr/share/texlive/texmf-dist/tex/latex/amsmath/amsbsy.sty
Package: amsbsy 1999/11/29 v1.2d Bold Symbols
\pmbraise@=\dimen140
) (/usr/share/texlive/texmf-dist/tex/latex/amsmath/amsopn.sty
Package: amsopn 2016/03/08 v2.02 operator names
)
\inf@bad=\count186
LaTeX Info: Redefining \frac on input line 227.
\uproot@=\count187
\leftroot@=\count188
LaTeX Info: Redefining \overline on input line 389.
\classnum@=\count189
\DOTSCASE@=\count190
LaTeX Info: Redefining \ldots on input line 486.
LaTeX Info: Redefining \dots on input line 489.
LaTeX Info: Redefining \cdots on input line 610.
\Mathstrutbox@=\box45
\strutbox@=\box46
\big@size=\dimen141
LaTeX Font Info:    Redeclaring font encoding OML on input line 733.
LaTeX Font Info:    Redeclaring font encoding OMS on input line 734.
\macc@depth=\count191
\c@MaxMatrixCols=\count192
\dotsspace@=\muskip17
\c@parentequation=\count193
\dspbrk@lvl=\count194
\tag@help=\toks18
\row@=\count195
\column@=\count196
\maxfields@=\count197
\andhelp@=\toks19
\eqnshift@=\dimen142
\alignsep@=\dimen143
\tagshift@=\dimen144
\tagwidth@=\dimen145
\totwidth@=\dimen146
\lineht@=\dimen147
\@envbody=\toks20
\multlinegap=\skip51
\multlinetaggap=\skip52
\mathdisplay@stack=\toks21
LaTeX Info: Redefining \[ on input line 2859.
LaTeX Info: Redefining \] on input line 2860.
) (/usr/share/texlive/texmf-dist/tex/latex/xcolor/xcolor.sty
Package: xcolor 2016/05/11 v2.12 LaTeX color extensions (UK)
(/usr/share/texlive/texmf-dist/tex/latex/graphics-cfg/color.cfg
File: color.cfg 2016/01/02 v1.6 sample color configuration
)
Package xcolor Info: Driver file: pdftex.def on input line 225.
(/usr/share/texlive/texmf-dist/tex/latex/graphics-def/pdftex.def
File: pdftex.def 2018/01/08 v1.0l Graphics/color driver for pdftex
)
Package xcolor Info: Model `cmy' substituted by `cmy0' on input line 1348.
Package xcolor Info: Model `hsb' substituted by `rgb' on input line 1352.
Package xcolor Info: Model `RGB' extended on input line 1364.
Package xcolor Info: Model `HTML' substituted by `rgb' on input line 1366.
Package xcolor Info: Model `Hsb' substituted by `hsb' on input line 1367.
Package xcolor Info: Model `tHsb' substituted by `hsb' on input line 1368.
Package xcolor Info: Model `HSB' substituted by `hsb' on input line 1369.
Package xcolor Info: Model `Gray' substituted by `gray' on input line 1370.
Package xcolor Info: Model `wave' substituted by `hsb' on input line 1371.
)
\sizebox=\box47
\lthtmlwrite=\write3
(/usr/share/texmf/tex/latex/preview/preview.sty
Package: preview 2017/04/24 11.91 (AUCTeX/preview-latex)
(/usr/share/texmf/tex/latex/preview/prtightpage.def
\PreviewBorder=\dimen148
)
\pr@snippet=\count198
\pr@box=\box48
\pr@output=\toks22
)
\lthtmlPageBox=\box49
\lthtmlCropMarkHeight=\dimen149
\lthtmlCropMarkDepth=\dimen150
(/usr/share/texlive/texmf-dist/tex/latex/l3backend/l3backend-pdfmode.def
File: l3backend-pdfmode.def 2020-02-03 L3 backend support: PDF mode
\l__kernel_color_stack_int=\count199
\l__pdf_internal_box=\box50
) (./images.aux)
\openout1 = `images.aux'.

LaTeX Font Info:    Checking defaults for OML/cmm/m/it on input line 118.
LaTeX Font Info:    ... okay on input line 118.
LaTeX Font Info:    Checking defaults for OMS/cmsy/m/n on input line 118.
LaTeX Font Info:    ... okay on input line 118.
LaTeX Font Info:    Checking defaults for OT1/cmr/m/n on input line 118.
LaTeX Font Info:    ... okay on input line 118.
LaTeX Font Info:    Checking defaults for T1/cmr/m/n on input line 118.
LaTeX Font Info:    ... okay on input line 118.
LaTeX Font Info:    Checking defaults for TS1/cmr/m/n on input line 118.
LaTeX Font Info:    ... okay on input line 118.
LaTeX Font Info:    Checking defaults for OMX/cmex/m/n on input line 118.
LaTeX Font Info:    ... okay on input line 118.
LaTeX Font Info:    Checking defaults for U/cmr/m/n on input line 118.
LaTeX Font Info:    ... okay on input line 118.
LaTeX Font Info:    Checking defaults for PD1/pdf/m/n on input line 118.
LaTeX Font Info:    ... okay on input line 118.
\AtBeginShipoutBox=\box51
Package hyperref Info: Link coloring OFF on input line 118.
(/usr/share/texlive/texmf-dist/tex/latex/hyperref/nameref.sty
Package: nameref 2019/09/16 v2.46 Cross-referencing by name of section
(/usr/share/texlive/texmf-dist/tex/latex/refcount/refcount.sty
Package: refcount 2019/12/15 v3.6 Data extraction from label references (HO)
) (/usr/share/texlive/texmf-dist/tex/generic/gettitlestring/gettitlestring.sty
Package: gettitlestring 2019/12/15 v1.6 Cleanup title references (HO)
)
\c@section@level=\count266
)
LaTeX Info: Redefining \ref on input line 118.
LaTeX Info: Redefining \pageref on input line 118.
LaTeX Info: Redefining \nameref on input line 118.
\@outlinefile=\write4
\openout4 = `images.out'.

(/usr/share/texlive/texmf-dist/tex/context/base/mkii/supp-pdf.mkii
[Loading MPS to PDF converter (version 2006.09.02).]
\scratchcounter=\count267
\scratchdimen=\dimen151
\scratchbox=\box52
\nofMPsegments=\count268
\nofMParguments=\count269
\everyMPshowfont=\toks23
\MPscratchCnt=\count270
\MPscratchDim=\dimen152
\MPnumerator=\count271
\makeMPintoPDFobject=\count272
\everyMPtoPDFconversion=\toks24
)
Preview: Fontsize 10pt
Preview: PDFoutput 1

latex2htmlLength hsize=349.0pt

latex2htmlLength vsize=633.0pt

latex2htmlLength hoffset=0.0pt

latex2htmlLength voffset=0.0pt

latex2htmlLength topmargin=0.0pt

latex2htmlLength topskip=0.00003pt

latex2htmlLength headheight=0.0pt

latex2htmlLength headsep=0.0pt

latex2htmlLength parskip=0.0pt plus 1.0pt

latex2htmlLength oddsidemargin=62.0pt

latex2htmlLength evensidemargin=62.0pt


:tex2html_wrap_inline1373:lthtmlCropMarkHeight:=17.6334pt

:tex2html_wrap_inline1373:lthtmlCropMarkDepth:=6.76674pt:1ex:=4.30554pt
Preview: Tightpage -32891 -32891 32891 32891
[1{/var/lib/texmf/fonts/map/pdftex/updmap/pdftex.map}]

:tex2html_wrap_inline1375:lthtmlCropMarkHeight:=14.07217pt

:tex2html_wrap_inline1375:lthtmlCropMarkDepth:=2.5pt:1ex:=4.30554pt
[2]

:tex2html_wrap_inline1377:lthtmlCropMarkHeight:=13.5pt

:tex2html_wrap_inline1377:lthtmlCropMarkDepth:=2.5pt:1ex:=4.30554pt
[3]

:tex2html_wrap_inline1379:lthtmlCropMarkHeight:=12.94444pt

:tex2html_wrap_inline1379:lthtmlCropMarkDepth:=2.86108pt:1ex:=4.30554pt
[4]

:tex2html_wrap_inline1381:lthtmlCropMarkHeight:=13.5pt

:tex2html_wrap_inline1381:lthtmlCropMarkDepth:=2.5pt:1ex:=4.30554pt
[5]

:tex2html_wrap_inline1383:lthtmlCropMarkHeight:=14.14003pt

:tex2html_wrap_inline1383:lthtmlCropMarkDepth:=0.0pt:1ex:=4.30554pt
[6]

:tex2html_wrap_inline1385:lthtmlCropMarkHeight:=12.94444pt

:tex2html_wrap_inline1385:lthtmlCropMarkDepth:=0.0pt:1ex:=4.30554pt
[7]

:tex2html_wrap_inline1387:lthtmlCropMarkHeight:=26.50017pt

:tex2html_wrap_inline1387:lthtmlCropMarkDepth:=15.50017pt:1ex:=4.30554pt
[8]

:tex2html_wrap_inline1389:lthtmlCropMarkHeight:=13.5pt

:tex2html_wrap_inline1389:lthtmlCropMarkDepth:=2.5pt:1ex:=4.30554pt
[9]

:tex2html_wrap_inline1391:lthtmlCropMarkHeight:=14.44843pt

:tex2html_wrap_inline1391:lthtmlCropMarkDepth:=3.44841pt:1ex:=4.30554pt
[10]

:tex2html_wrap_inline1393:lthtmlCropMarkHeight:=10.44444pt

:tex2html_wrap_inline1393:lthtmlCropMarkDepth:=2.44443pt:1ex:=4.30554pt
[11]

:tex2html_wrap_inline1395:lthtmlCropMarkHeight:=13.5pt

:tex2html_wrap_inline1395:lthtmlCropMarkDepth:=2.5pt:1ex:=4.30554pt
[12]

:tex2html_wrap_inline1397:lthtmlCropMarkHeight:=13.08334pt

:tex2html_wrap_inline1397:lthtmlCropMarkDepth:=5.19841pt:1ex:=4.30554pt
[13]

:tex2html_wrap_inline1399:lthtmlCropMarkHeight:=13.5pt

:tex2html_wrap_inline1399:lthtmlCropMarkDepth:=2.5pt:1ex:=4.30554pt
[14]

:tex2html_wrap_inline1401:lthtmlCropMarkHeight:=13.5pt

:tex2html_wrap_inline1401:lthtmlCropMarkDepth:=2.5pt:1ex:=4.30554pt
[15]

:tex2html_wrap_inline1403:lthtmlCropMarkHeight:=13.5pt

:tex2html_wrap_inline1403:lthtmlCropMarkDepth:=2.5pt:1ex:=4.30554pt
[16]

:tex2html_wrap_inline1405:lthtmlCropMarkHeight:=14.79842pt

:tex2html_wrap_inline1405:lthtmlCropMarkDepth:=3.55557pt:1ex:=4.30554pt
[17]

:tex2html_wrap_inline1407:lthtmlCropMarkHeight:=26.61662pt

:tex2html_wrap_inline1407:lthtmlCropMarkDepth:=15.61661pt:1ex:=4.30554pt
[18]

:tex2html_wrap_inline1409:lthtmlCropMarkHeight:=11.83333pt

:tex2html_wrap_inline1409:lthtmlCropMarkDepth:=3.55557pt:1ex:=4.30554pt
[19]

:tex2html_wrap_inline1411:lthtmlCropMarkHeight:=14.14003pt

:tex2html_wrap_inline1411:lthtmlCropMarkDepth:=3.55557pt:1ex:=4.30554pt
[20]

:tex2html_wrap_inline1413:lthtmlCropMarkHeight:=13.5pt

:tex2html_wrap_inline1413:lthtmlCropMarkDepth:=3.55557pt:1ex:=4.30554pt
[21]

:tex2html_wrap_inline1415:lthtmlCropMarkHeight:=26.50017pt

:tex2html_wrap_inline1415:lthtmlCropMarkDepth:=15.50017pt:1ex:=4.30554pt
[22]

:tex2html_wrap_inline1417:lthtmlCropMarkHeight:=26.50017pt

:tex2html_wrap_inline1417:lthtmlCropMarkDepth:=15.50017pt:1ex:=4.30554pt
[23]

:tex2html_wrap_inline1419:lthtmlCropMarkHeight:=13.5pt

:tex2html_wrap_inline1419:lthtmlCropMarkDepth:=2.86108pt:1ex:=4.30554pt
[24]

:tex2html_wrap_inline1421:lthtmlCropMarkHeight:=13.5pt

:tex2html_wrap_inline1421:lthtmlCropMarkDepth:=2.86108pt:1ex:=4.30554pt
[25]

:tex2html_wrap_inline1474:lthtmlCropMarkHeight:=12.86111pt

:tex2html_wrap_inline1474:lthtmlCropMarkDepth:=2.86108pt:1ex:=4.30554pt
[26]

:tex2html_wrap_inline1476:lthtmlCropMarkHeight:=15.17226pt

:tex2html_wrap_inline1476:lthtmlCropMarkDepth:=3.83327pt:1ex:=4.30554pt
[27]

:tex2html_wrap_inline1478:lthtmlCropMarkHeight:=13.5pt

:tex2html_wrap_inline1478:lthtmlCropMarkDepth:=2.5pt:1ex:=4.30554pt
[28]

:tex2html_wrap_inline1480:lthtmlCropMarkHeight:=26.50017pt

:tex2html_wrap_inline1480:lthtmlCropMarkDepth:=15.50017pt:1ex:=4.30554pt
[29]

:tex2html_wrap_inline1482:lthtmlCropMarkHeight:=15.17226pt

:tex2html_wrap_inline1482:lthtmlCropMarkDepth:=0.0pt:1ex:=4.30554pt
[30]

:tex2html_wrap_inline1484:lthtmlCropMarkHeight:=26.50017pt

:tex2html_wrap_inline1484:lthtmlCropMarkDepth:=15.50017pt:1ex:=4.30554pt
[31]

:tex2html_wrap_inline1486:lthtmlCropMarkHeight:=15.17226pt

:tex2html_wrap_inline1486:lthtmlCropMarkDepth:=0.83333pt:1ex:=4.30554pt
[32]

:tex2html_wrap_inline1488:lthtmlCropMarkHeight:=12.94444pt

:tex2html_wrap_inline1488:lthtmlCropMarkDepth:=2.86108pt:1ex:=4.30554pt
[33]

:tex2html_wrap_inline1490:lthtmlCropMarkHeight:=20.50012pt

:tex2html_wrap_inline1490:lthtmlCropMarkDepth:=9.50012pt:1ex:=4.30554pt
[34]

:tex2html_wrap_inline1492:lthtmlCropMarkHeight:=21.01115pt

:tex2html_wrap_inline1492:lthtmlCropMarkDepth:=9.79865pt:1ex:=4.30554pt
[35]

:tex2html_wrap_inline1494:lthtmlCropMarkHeight:=13.5pt

:tex2html_wrap_inline1494:lthtmlCropMarkDepth:=2.5pt:1ex:=4.30554pt
[36]

:tex2html_wrap_inline1496:lthtmlCropMarkHeight:=14.26085pt

:tex2html_wrap_inline1496:lthtmlCropMarkDepth:=3.55414pt:1ex:=4.30554pt
[37]

:tex2html_wrap_inline1498:lthtmlCropMarkHeight:=15.17226pt

:tex2html_wrap_inline1498:lthtmlCropMarkDepth:=5.19841pt:1ex:=4.30554pt
[38]

:tex2html_wrap_inline1500:lthtmlCropMarkHeight:=14.41226pt

:tex2html_wrap_inline1500:lthtmlCropMarkDepth:=2.5pt:1ex:=4.30554pt
[39]

:tex2html_wrap_inline1502:lthtmlCropMarkHeight:=20.5001pt

:tex2html_wrap_inline1502:lthtmlCropMarkDepth:=9.50012pt:1ex:=4.30554pt
[40]

:tex2html_wrap_inline1504:lthtmlCropMarkHeight:=26.50017pt

:tex2html_wrap_inline1504:lthtmlCropMarkDepth:=15.50017pt:1ex:=4.30554pt
[41]

:tex2html_wrap_inline1506:lthtmlCropMarkHeight:=26.50017pt

:tex2html_wrap_inline1506:lthtmlCropMarkDepth:=15.50017pt:1ex:=4.30554pt
[42]

:tex2html_wrap_inline1508:lthtmlCropMarkHeight:=32.50023pt

:tex2html_wrap_inline1508:lthtmlCropMarkDepth:=21.50023pt:1ex:=4.30554pt
[43]

:tex2html_wrap_inline1510:lthtmlCropMarkHeight:=12.94444pt

:tex2html_wrap_inline1510:lthtmlCropMarkDepth:=0.83333pt:1ex:=4.30554pt
[44]

:tex2html_wrap_inline1512:lthtmlCropMarkHeight:=12.94444pt

:tex2html_wrap_inline1512:lthtmlCropMarkDepth:=0.83333pt:1ex:=4.30554pt
[45]

:tex2html_wrap_inline1514:lthtmlCropMarkHeight:=12.94444pt

:tex2html_wrap_inline1514:lthtmlCropMarkDepth:=1.94444pt:1ex:=4.30554pt
[46]

:tex2html_wrap_inline1516:lthtmlCropMarkHeight:=12.94444pt

:tex2html_wrap_inline1516:lthtmlCropMarkDepth:=0.83333pt:1ex:=4.30554pt
[47]

:tex2html_wrap_inline1557:lthtmlCropMarkHeight:=26.50017pt

:tex2html_wrap_inline1557:lthtmlCropMarkDepth:=15.50017pt:1ex:=4.30554pt
[48]

:tex2html_wrap_inline1559:lthtmlCropMarkHeight:=14.41226pt

:tex2html_wrap_inline1559:lthtmlCropMarkDepth:=0.0pt:1ex:=4.30554pt
[49]

:tex2html_wrap_inline1561:lthtmlCropMarkHeight:=14.90002pt

:tex2html_wrap_inline1561:lthtmlCropMarkDepth:=0.0pt:1ex:=4.30554pt
[50]

:tex2html_wrap_inline1563:lthtmlCropMarkHeight:=26.50017pt

:tex2html_wrap_inline1563:lthtmlCropMarkDepth:=15.50017pt:1ex:=4.30554pt
[51]

:tex2html_wrap_inline1565:lthtmlCropMarkHeight:=26.50017pt

:tex2html_wrap_inline1565:lthtmlCropMarkDepth:=15.50017pt:1ex:=4.30554pt
[52]

:tex2html_wrap_inline1567:lthtmlCropMarkHeight:=26.50017pt

:tex2html_wrap_inline1567:lthtmlCropMarkDepth:=15.50017pt:1ex:=4.30554pt
[53]

:tex2html_wrap_inline1569:lthtmlCropMarkHeight:=26.61662pt

:tex2html_wrap_inline1569:lthtmlCropMarkDepth:=15.61661pt:1ex:=4.30554pt
[54]

:tex2html_wrap_inline1571:lthtmlCropMarkHeight:=12.94444pt

:tex2html_wrap_inline1571:lthtmlCropMarkDepth:=0.0pt:1ex:=4.30554pt
[55]

:tex2html_wrap_inline1573:lthtmlCropMarkHeight:=12.94444pt

:tex2html_wrap_inline1573:lthtmlCropMarkDepth:=0.0pt:1ex:=4.30554pt
[56]

:tex2html_wrap_inline1575:lthtmlCropMarkHeight:=26.61662pt

:tex2html_wrap_inline1575:lthtmlCropMarkDepth:=15.61661pt:1ex:=4.30554pt
[57]

:tex2html_wrap_inline1577:lthtmlCropMarkHeight:=26.61662pt

:tex2html_wrap_inline1577:lthtmlCropMarkDepth:=15.61661pt:1ex:=4.30554pt
[58]

:tex2html_wrap_inline1579:lthtmlCropMarkHeight:=26.50017pt

:tex2html_wrap_inline1579:lthtmlCropMarkDepth:=15.50017pt:1ex:=4.30554pt
[59]

:tex2html_wrap_inline1581:lthtmlCropMarkHeight:=26.61662pt

:tex2html_wrap_inline1581:lthtmlCropMarkDepth:=15.61661pt:1ex:=4.30554pt
[60]
! Undefined control sequence.
<argument> \extrarowheight 
                           
l.609 \setlength{\extrarowheight}{10pt}
                                       %
The control sequence at the end of the top line
of your error message was never \def'ed. If you have
misspelled it (e.g., `\hobx'), type `I' and the correct
spelling (e.g., `I\hbox'). Otherwise just continue,
and I'll forget about whatever was undefined.

! Undefined control sequence.
<argument> \extrarowheight 
                           
l.611 \setlength{\extrarowheight}{10pt}
                                       
The control sequence at the end of the top line
of your error message was never \def'ed. If you have
misspelled it (e.g., `\hobx'), type `I' and the correct
spelling (e.g., `I\hbox'). Otherwise just continue,
and I'll forget about whatever was undefined.


:tex2html_wrap_inline1605:lthtmlCropMarkHeight:=26.50017pt

:tex2html_wrap_inline1605:lthtmlCropMarkDepth:=15.50017pt:1ex:=4.30554pt
[61]

:tex2html_wrap_inline1607:lthtmlCropMarkHeight:=13.5pt

:tex2html_wrap_inline1607:lthtmlCropMarkDepth:=2.5pt:1ex:=4.30554pt
[62]

:tex2html_wrap_inline1609:lthtmlCropMarkHeight:=20.5001pt

:tex2html_wrap_inline1609:lthtmlCropMarkDepth:=9.50012pt:1ex:=4.30554pt
[63]

:tex2html_wrap_inline1611:lthtmlCropMarkHeight:=20.75003pt

:tex2html_wrap_inline1611:lthtmlCropMarkDepth:=9.75003pt:1ex:=4.30554pt
[64]

:tex2html_wrap_inline1622:lthtmlCropMarkHeight:=12.94444pt

:tex2html_wrap_inline1622:lthtmlCropMarkDepth:=1.94444pt:1ex:=4.30554pt
[65]

:tex2html_wrap_inline1624:lthtmlCropMarkHeight:=11.83333pt

:tex2html_wrap_inline1624:lthtmlCropMarkDepth:=1.94444pt:1ex:=4.30554pt
[66]

:tex2html_wrap_inline1626:lthtmlCropMarkHeight:=14.79842pt

:tex2html_wrap_inline1626:lthtmlCropMarkDepth:=3.44841pt:1ex:=4.30554pt
[67]

:tex2html_wrap_inline1628:lthtmlCropMarkHeight:=12.94444pt

:tex2html_wrap_inline1628:lthtmlCropMarkDepth:=0.0pt:1ex:=4.30554pt
[68]

:tex2html_wrap_inline1630:lthtmlCropMarkHeight:=11.83333pt

:tex2html_wrap_inline1630:lthtmlCropMarkDepth:=2.44443pt:1ex:=4.30554pt
[69]

:tex2html_wrap_inline1632:lthtmlCropMarkHeight:=13.5pt

:tex2html_wrap_inline1632:lthtmlCropMarkDepth:=2.5pt:1ex:=4.30554pt
[70]

:tex2html_wrap_inline1634:lthtmlCropMarkHeight:=12.88586pt

:tex2html_wrap_inline1634:lthtmlCropMarkDepth:=1.94444pt:1ex:=4.30554pt
[71]

:tex2html_wrap_inline1636:lthtmlCropMarkHeight:=14.14003pt

:tex2html_wrap_inline1636:lthtmlCropMarkDepth:=1.94444pt:1ex:=4.30554pt
[72]

:tex2html_wrap_inline1638:lthtmlCropMarkHeight:=15.13329pt

:tex2html_wrap_inline1638:lthtmlCropMarkDepth:=2.5pt:1ex:=4.30554pt
[73]

:tex2html_wrap_inline1640:lthtmlCropMarkHeight:=15.80524pt

:tex2html_wrap_inline1640:lthtmlCropMarkDepth:=4.80951pt:1ex:=4.30554pt
[74]

:tex2html_wrap_inline1642:lthtmlCropMarkHeight:=14.49002pt

:tex2html_wrap_inline1642:lthtmlCropMarkDepth:=1.94444pt:1ex:=4.30554pt
[75]

:tex2html_wrap_inline1644:lthtmlCropMarkHeight:=12.94444pt

:tex2html_wrap_inline1644:lthtmlCropMarkDepth:=2.86108pt:1ex:=4.30554pt
[76]

:tex2html_wrap_inline1646:lthtmlCropMarkHeight:=14.49002pt

:tex2html_wrap_inline1646:lthtmlCropMarkDepth:=1.94444pt:1ex:=4.30554pt
[77]

:tex2html_wrap_inline1648:lthtmlCropMarkHeight:=14.49002pt

:tex2html_wrap_inline1648:lthtmlCropMarkDepth:=2.5pt:1ex:=4.30554pt
[78]

:tex2html_wrap_inline1650:lthtmlCropMarkHeight:=26.50017pt

:tex2html_wrap_inline1650:lthtmlCropMarkDepth:=15.50017pt:1ex:=4.30554pt
[79]

:tex2html_wrap_inline1679:lthtmlCropMarkHeight:=13.5pt

:tex2html_wrap_inline1679:lthtmlCropMarkDepth:=2.5pt:1ex:=4.30554pt
[80]

:tex2html_wrap_inline1681:lthtmlCropMarkHeight:=14.90002pt

:tex2html_wrap_inline1681:lthtmlCropMarkDepth:=0.0pt:1ex:=4.30554pt
[81]

:tex2html_wrap_inline1683:lthtmlCropMarkHeight:=14.90002pt

:tex2html_wrap_inline1683:lthtmlCropMarkDepth:=2.5pt:1ex:=4.30554pt
[82]

:tex2html_wrap_inline1685:lthtmlCropMarkHeight:=19.17583pt

:tex2html_wrap_inline1685:lthtmlCropMarkDepth:=5.22432pt:1ex:=4.30554pt
[83]

:tex2html_wrap_inline1687:lthtmlCropMarkHeight:=19.17583pt

:tex2html_wrap_inline1687:lthtmlCropMarkDepth:=5.22432pt:1ex:=4.30554pt
[84]

:tex2html_wrap_inline1689:lthtmlCropMarkHeight:=20.5001pt

:tex2html_wrap_inline1689:lthtmlCropMarkDepth:=9.50012pt:1ex:=4.30554pt
[85]

:tex2html_wrap_inline1691:lthtmlCropMarkHeight:=13.5pt

:tex2html_wrap_inline1691:lthtmlCropMarkDepth:=2.5pt:1ex:=4.30554pt
[86]

:tex2html_wrap_inline1693:lthtmlCropMarkHeight:=13.5pt

:tex2html_wrap_inline1693:lthtmlCropMarkDepth:=2.5pt:1ex:=4.30554pt
[87]

:tex2html_wrap_inline1695:lthtmlCropMarkHeight:=18.00342pt

:tex2html_wrap_inline1695:lthtmlCropMarkDepth:=6.39673pt:1ex:=4.30554pt
[88]

:tex2html_wrap_inline1697:lthtmlCropMarkHeight:=13.5pt

:tex2html_wrap_inline1697:lthtmlCropMarkDepth:=2.86108pt:1ex:=4.30554pt
[89]

:tex2html_wrap_inline1699:lthtmlCropMarkHeight:=12.94444pt

:tex2html_wrap_inline1699:lthtmlCropMarkDepth:=1.94444pt:1ex:=4.30554pt
[90]

:tex2html_wrap_inline1701:lthtmlCropMarkHeight:=13.51782pt

:tex2html_wrap_inline1701:lthtmlCropMarkDepth:=2.5pt:1ex:=4.30554pt
[91]

:tex2html_wrap_inline1703:lthtmlCropMarkHeight:=32.61662pt

:tex2html_wrap_inline1703:lthtmlCropMarkDepth:=21.61661pt:1ex:=4.30554pt
[92]

:tex2html_wrap_inline1705:lthtmlCropMarkHeight:=15.32217pt

:tex2html_wrap_inline1705:lthtmlCropMarkDepth:=3.44841pt:1ex:=4.30554pt
[93]

:tex2html_wrap_inline1707:lthtmlCropMarkHeight:=16.09998pt

:tex2html_wrap_inline1707:lthtmlCropMarkDepth:=5.19841pt:1ex:=4.30554pt
[94]

:tex2html_wrap_inline1709:lthtmlCropMarkHeight:=16.09998pt

:tex2html_wrap_inline1709:lthtmlCropMarkDepth:=3.44841pt:1ex:=4.30554pt
[95]

:tex2html_wrap_inline1711:lthtmlCropMarkHeight:=11.83333pt

:tex2html_wrap_inline1711:lthtmlCropMarkDepth:=1.49998pt:1ex:=4.30554pt
[96]

:tex2html_wrap_inline1713:lthtmlCropMarkHeight:=15.25558pt

:tex2html_wrap_inline1713:lthtmlCropMarkDepth:=2.5pt:1ex:=4.30554pt
[97]

:tex2html_wrap_inline1715:lthtmlCropMarkHeight:=13.5pt

:tex2html_wrap_inline1715:lthtmlCropMarkDepth:=2.5pt:1ex:=4.30554pt
[98]

:tex2html_wrap_inline1717:lthtmlCropMarkHeight:=13.5pt

:tex2html_wrap_inline1717:lthtmlCropMarkDepth:=2.5pt:1ex:=4.30554pt
[99]

:tex2html_wrap_inline1719:lthtmlCropMarkHeight:=16.09998pt

:tex2html_wrap_inline1719:lthtmlCropMarkDepth:=5.19841pt:1ex:=4.30554pt
[100]
! Undefined control sequence.
<argument> \extrarowheight 
                           
l.886 \setlength{\extrarowheight}{10pt}
                                       %
The control sequence at the end of the top line
of your error message was never \def'ed. If you have
misspelled it (e.g., `\hobx'), type `I' and the correct
spelling (e.g., `I\hbox'). Otherwise just continue,
and I'll forget about whatever was undefined.

! Undefined control sequence.
<argument> \extrarowheight 
                           
l.888 \setlength{\extrarowheight}{10pt}
                                       
The control sequence at the end of the top line
of your error message was never \def'ed. If you have
misspelled it (e.g., `\hobx'), type `I' and the correct
spelling (e.g., `I\hbox'). Otherwise just continue,
and I'll forget about whatever was undefined.


:tex2html_wrap_inline1759:lthtmlCropMarkHeight:=14.41226pt

:tex2html_wrap_inline1759:lthtmlCropMarkDepth:=2.5pt:1ex:=4.30554pt
[101]

:tex2html_wrap_inline1764:lthtmlCropMarkHeight:=13.5pt

:tex2html_wrap_inline1764:lthtmlCropMarkDepth:=2.86108pt:1ex:=4.30554pt
[102]

:tex2html_wrap_inline1766:lthtmlCropMarkHeight:=11.55557pt

:tex2html_wrap_inline1766:lthtmlCropMarkDepth:=2.86108pt:1ex:=4.30554pt
[103]

:tex2html_wrap_inline1768:lthtmlCropMarkHeight:=13.5pt

:tex2html_wrap_inline1768:lthtmlCropMarkDepth:=2.86108pt:1ex:=4.30554pt
[104]

:tex2html_wrap_inline1770:lthtmlCropMarkHeight:=12.94444pt

:tex2html_wrap_inline1770:lthtmlCropMarkDepth:=0.83333pt:1ex:=4.30554pt
[105]

:tex2html_wrap_inline1772:lthtmlCropMarkHeight:=12.44444pt

:tex2html_wrap_inline1772:lthtmlCropMarkDepth:=0.0pt:1ex:=4.30554pt
[106]

:tex2html_wrap_inline1774:lthtmlCropMarkHeight:=13.5pt

:tex2html_wrap_inline1774:lthtmlCropMarkDepth:=2.86108pt:1ex:=4.30554pt
[107]

:tex2html_wrap_inline1776:lthtmlCropMarkHeight:=13.5pt

:tex2html_wrap_inline1776:lthtmlCropMarkDepth:=2.5pt:1ex:=4.30554pt
[108]

:tex2html_wrap_inline1778:lthtmlCropMarkHeight:=14.87892pt

:tex2html_wrap_inline1778:lthtmlCropMarkDepth:=2.5pt:1ex:=4.30554pt
[109]

:tex2html_wrap_inline1780:lthtmlCropMarkHeight:=12.86111pt

:tex2html_wrap_inline1780:lthtmlCropMarkDepth:=1.49998pt:1ex:=4.30554pt
[110]

:tex2html_wrap_inline1782:lthtmlCropMarkHeight:=14.86101pt

:tex2html_wrap_inline1782:lthtmlCropMarkDepth:=1.49998pt:1ex:=4.30554pt
[111]

:tex2html_wrap_inline1784:lthtmlCropMarkHeight:=14.94434pt

:tex2html_wrap_inline1784:lthtmlCropMarkDepth:=0.83333pt:1ex:=4.30554pt
[112]

:tex2html_wrap_inline1786:lthtmlCropMarkHeight:=14.87892pt

:tex2html_wrap_inline1786:lthtmlCropMarkDepth:=2.5pt:1ex:=4.30554pt
[113]

:tex2html_wrap_inline1788:lthtmlCropMarkHeight:=14.86101pt

:tex2html_wrap_inline1788:lthtmlCropMarkDepth:=0.0pt:1ex:=4.30554pt
[114]

:tex2html_wrap_inline1790:lthtmlCropMarkHeight:=14.94434pt

:tex2html_wrap_inline1790:lthtmlCropMarkDepth:=0.0pt:1ex:=4.30554pt
[115]

:tex2html_wrap_inline1792:lthtmlCropMarkHeight:=13.5pt

:tex2html_wrap_inline1792:lthtmlCropMarkDepth:=2.86108pt:1ex:=4.30554pt
[116]

:tex2html_wrap_inline1794:lthtmlCropMarkHeight:=13.5pt

:tex2html_wrap_inline1794:lthtmlCropMarkDepth:=2.86108pt:1ex:=4.30554pt
[117]

:tex2html_wrap_inline1796:lthtmlCropMarkHeight:=11.55557pt

:tex2html_wrap_inline1796:lthtmlCropMarkDepth:=1.94444pt:1ex:=4.30554pt
[118]

:tex2html_wrap_inline1798:lthtmlCropMarkHeight:=13.5pt

:tex2html_wrap_inline1798:lthtmlCropMarkDepth:=2.5pt:1ex:=4.30554pt
[119]

:tex2html_wrap_inline1800:lthtmlCropMarkHeight:=13.5pt

:tex2html_wrap_inline1800:lthtmlCropMarkDepth:=2.86108pt:1ex:=4.30554pt
[120]

:tex2html_wrap_inline1802:lthtmlCropMarkHeight:=13.5pt

:tex2html_wrap_inline1802:lthtmlCropMarkDepth:=2.86108pt:1ex:=4.30554pt
[121]

:tex2html_wrap_inline1804:lthtmlCropMarkHeight:=14.90276pt

:tex2html_wrap_inline1804:lthtmlCropMarkDepth:=5.19841pt:1ex:=4.30554pt
[122]

:tex2html_wrap_inline1806:lthtmlCropMarkHeight:=13.5pt

:tex2html_wrap_inline1806:lthtmlCropMarkDepth:=2.5pt:1ex:=4.30554pt
[123]

:tex2html_wrap_inline1808:lthtmlCropMarkHeight:=15.32217pt

:tex2html_wrap_inline1808:lthtmlCropMarkDepth:=5.19841pt:1ex:=4.30554pt
[124]

:tex2html_wrap_inline1810:lthtmlCropMarkHeight:=13.5pt

:tex2html_wrap_inline1810:lthtmlCropMarkDepth:=2.5pt:1ex:=4.30554pt
[125]
! Undefined control sequence.
<argument> \extrarowheight 
                           
l.1057 \setlength{\extrarowheight}{10pt}
                                        %
The control sequence at the end of the top line
of your error message was never \def'ed. If you have
misspelled it (e.g., `\hobx'), type `I' and the correct
spelling (e.g., `I\hbox'). Otherwise just continue,
and I'll forget about whatever was undefined.

! Undefined control sequence.
<argument> \extrarowheight 
                           
l.1059 \setlength{\extrarowheight}{10pt}
                                        
The control sequence at the end of the top line
of your error message was never \def'ed. If you have
misspelled it (e.g., `\hobx'), type `I' and the correct
spelling (e.g., `I\hbox'). Otherwise just continue,
and I'll forget about whatever was undefined.


:tex2html_wrap_inline1850:lthtmlCropMarkHeight:=26.50017pt

:tex2html_wrap_inline1850:lthtmlCropMarkDepth:=15.50017pt:1ex:=4.30554pt
[126]

:tex2html_wrap_inline1852:lthtmlCropMarkHeight:=32.50023pt

:tex2html_wrap_inline1852:lthtmlCropMarkDepth:=21.50023pt:1ex:=4.30554pt
[127]
Package atveryend Info: Empty hook `BeforeClearDocument' on input line 1086.
Package atveryend Info: Empty hook `AfterLastShipout' on input line 1086.
(./images.aux)
Package atveryend Info: Executing hook `AtVeryEndDocument' on input line 1086.
Package atveryend Info: Executing hook `AtEndAfterFileList' on input line 1086.


Package rerunfilecheck Warning: File `images.out' has changed.
(rerunfilecheck)                Rerun to get outlines right
(rerunfilecheck)                or use package `bookmark'.

Package rerunfilecheck Info: Checksums for `images.out':
(rerunfilecheck)             Before: <no file>
(rerunfilecheck)             After:  D41D8CD98F00B204E9800998ECF8427E;0.
Package atveryend Info: Empty hook `AtVeryVeryEnd' on input line 1086.
 ) 
Here is how much of TeX's memory you used:
 6136 strings out of 483183
 90264 string characters out of 5966292
 349812 words of memory out of 5000000
 21077 multiletter control sequences out of 15000+600000
 534796 words of font info for 32 fonts, out of 8000000 for 9000
 14 hyphenation exceptions out of 8191
 34i,12n,37p,216b,327s stack positions out of 5000i,500n,10000p,200000b,80000s
</usr/share/texlive/texmf-dist/fonts/type1/public/amsfonts/cm/cmbx10.pfb></us
r/share/texlive/texmf-dist/fonts/type1/public/amsfonts/cm/cmbx7.pfb></usr/share
/texlive/texmf-dist/fonts/type1/public/amsfonts/cm/cmbxti10.pfb></usr/share/tex
live/texmf-dist/fonts/type1/public/amsfonts/cm/cmex10.pfb></usr/share/texlive/t
exmf-dist/fonts/type1/public/amsfonts/cm/cmmi10.pfb></usr/share/texlive/texmf-d
ist/fonts/type1/public/amsfonts/cm/cmmi5.pfb></usr/share/texlive/texmf-dist/fon
ts/type1/public/amsfonts/cm/cmmi7.pfb></usr/share/texlive/texmf-dist/fonts/type
1/public/amsfonts/cm/cmr10.pfb></usr/share/texlive/texmf-dist/fonts/type1/publi
c/amsfonts/cm/cmr5.pfb></usr/share/texlive/texmf-dist/fonts/type1/public/amsfon
ts/cm/cmr7.pfb></usr/share/texlive/texmf-dist/fonts/type1/public/amsfonts/cm/cm
sy10.pfb></usr/share/texlive/texmf-dist/fonts/type1/public/amsfonts/cm/cmsy5.pf
b></usr/share/texlive/texmf-dist/fonts/type1/public/amsfonts/cm/cmsy7.pfb>
Output written on images.pdf (127 pages, 168552 bytes).
PDF statistics:
 468 PDF objects out of 1000 (max. 8388607)
 322 compressed objects within 4 object streams
 0 named destinations out of 1000 (max. 500000)
 1 words of extra memory for PDF output out of 10000 (max. 10000000)

